<?xml version="1.0" encoding="UTF-8"?>
<!-- Generated by org.testng.reporters.JUnitReportReporter -->
<testsuite skipped="0" hostname="DESKTOP-KGRR886" name="testcases.Home" tests="1" failures="0" timestamp="11 Sep 2022 09:08:53 GMT" time="17.912" errors="0">
  <testcase name="Addtocart" time="17.912" classname="testcases.Home"/>
</testsuite> <!-- testcases.Home -->
