<?xml version="1.0" encoding="UTF-8"?>
<!-- Generated by org.testng.reporters.JUnitReportReporter -->
<testsuite skipped="0" hostname="DESKTOP-KGRR886" name="testcases.Login" tests="2" failures="0" timestamp="11 Sep 2022 09:08:53 GMT" time="26.439" errors="0">
  <testcase name="Test1" time="13.743" classname="testcases.Login"/>
  <testcase name="Test2" time="12.696" classname="testcases.Login"/>
</testsuite> <!-- testcases.Login -->
